{
  "RSpec": {
    "coverage": {
      "/home/ubuntu/rails_projects/iar/app/models/publication.rb": [
        1,
        1,
        null,
        1,
        1,
        1,
        1,
        null,
        1,
        1,
        null
      ],
      "/home/ubuntu/rails_projects/iar/app/uploaders/image_uploader.rb": [
        null,
        null,
        1,
        null,
        null,
        1,
        null,
        null,
        null,
        null,
        null,
        null,
        null,
        1,
        null,
        null,
        null,
        null,
        1,
        188,
        null,
        null,
        null,
        null,
        null,
        null,
        null,
        null,
        null,
        null,
        null,
        null,
        null,
        null,
        null,
        null,
        null,
        null,
        1,
        1,
        null,
        null,
        null,
        null,
        null,
        null,
        null,
        null,
        null,
        null,
        null,
        null,
        null,
        null,
        null
      ],
      "/home/ubuntu/rails_projects/iar/app/models/post.rb": [
        1,
        1,
        1,
        1,
        1,
        4,
        1,
        1,
        null
      ],
      "/home/ubuntu/rails_projects/iar/app/models/user.rb": [
        1,
        1,
        1,
        null,
        49,
        1,
        null,
        1,
        1,
        1,
        1,
        1,
        null,
        1,
        null,
        1,
        null,
        1,
        48,
        null,
        null
      ],
      "/home/ubuntu/rails_projects/iar/app/models/category.rb": [
        1,
        1,
        1,
        1,
        null
      ],
      "/home/ubuntu/rails_projects/iar/app/models/event.rb": [
        1,
        1,
        null,
        1,
        1,
        1,
        null
      ],
      "/home/ubuntu/rails_projects/iar/app/controllers/posts_controller.rb": [
        1,
        1,
        1,
        null,
        1,
        5,
        5,
        5,
        5,
        null,
        null,
        1,
        7,
        null,
        null,
        1,
        4,
        null,
        null,
        1,
        7,
        null,
        null,
        1,
        2,
        2,
        null,
        2,
        1,
        null,
        1,
        null,
        null,
        null,
        1,
        5,
        5,
        5,
        4,
        4,
        null,
        1,
        null,
        null,
        null,
        1,
        1,
        1,
        1,
        null,
        null,
        1,
        null,
        1,
        13,
        13,
        null,
        null
      ],
      "/home/ubuntu/rails_projects/iar/app/controllers/application_controller.rb": [
        1,
        1,
        1,
        null
      ],
      "/home/ubuntu/rails_projects/iar/app/controllers/static_pages_controller.rb": [
        1,
        1,
        null,
        null,
        1,
        null,
        null,
        1,
        null,
        null
      ],
      "/home/ubuntu/rails_projects/iar/app/controllers/events_controller.rb": [
        1,
        1,
        null,
        1,
        6,
        null,
        null,
        1,
        8,
        null,
        null,
        1,
        4,
        null,
        null,
        1,
        2,
        2,
        1,
        1,
        null,
        1,
        null,
        null,
        null,
        1,
        9,
        null,
        null,
        1,
        6,
        6,
        5,
        5,
        null,
        1,
        null,
        null,
        null,
        1,
        1,
        1,
        1,
        null,
        null
      ],
      "/home/ubuntu/rails_projects/iar/app/controllers/sessions_controller.rb": [
        1,
        1,
        null,
        null,
        null,
        1,
        44,
        44,
        41,
        41,
        null,
        3,
        3,
        null,
        null,
        null,
        1,
        1,
        1,
        null,
        null
      ],
      "/home/ubuntu/rails_projects/iar/app/controllers/publications_controller.rb": [
        1,
        1,
        null,
        1,
        4,
        null,
        null,
        1,
        7,
        null,
        null,
        1,
        11,
        null,
        null,
        1,
        2,
        2,
        1,
        1,
        null,
        1,
        null,
        null,
        null,
        1,
        5,
        5,
        4,
        4,
        null,
        1,
        null,
        null,
        null,
        1,
        1,
        1,
        1,
        null,
        null,
        1,
        0,
        0,
        0,
        0,
        null,
        0,
        null,
        null
      ]
    },
    "timestamp": 1362329242
  }
}
